{"error":{},"level":"error","message":"uncaughtException: Unexpected token *\n/app/node_modules/@elastic/elasticsearch/lib/Helpers.js:75\n  async * scrollSearch (params, options = {}) {\n        ^\n\nSyntaxError: Unexpected token *\n    at createScript (vm.js:80:10)\n    at Object.runInThisContext (vm.js:139:10)\n    at Module._compile (module.js:617:28)\n    at Object.Module._extensions..js (module.js:664:10)\n    at Module.load (module.js:566:32)\n    at tryModuleLoad (module.js:506:12)\n    at Function.Module._load (module.js:498:3)\n    at Module.require (module.js:597:17)\n    at require (internal/module.js:11:18)\n    at Object.<anonymous> (/app/node_modules/@elastic/elasticsearch/index.js:28:17)\n    at Module._compile (module.js:653:30)\n    at Object.Module._extensions..js (module.js:664:10)\n    at Module.load (module.js:566:32)\n    at tryModuleLoad (module.js:506:12)\n    at Function.Module._load (module.js:498:3)\n    at Module.require (module.js:597:17)","stack":"/app/node_modules/@elastic/elasticsearch/lib/Helpers.js:75\n  async * scrollSearch (params, options = {}) {\n        ^\n\nSyntaxError: Unexpected token *\n    at createScript (vm.js:80:10)\n    at Object.runInThisContext (vm.js:139:10)\n    at Module._compile (module.js:617:28)\n    at Object.Module._extensions..js (module.js:664:10)\n    at Module.load (module.js:566:32)\n    at tryModuleLoad (module.js:506:12)\n    at Function.Module._load (module.js:498:3)\n    at Module.require (module.js:597:17)\n    at require (internal/module.js:11:18)\n    at Object.<anonymous> (/app/node_modules/@elastic/elasticsearch/index.js:28:17)\n    at Module._compile (module.js:653:30)\n    at Object.Module._extensions..js (module.js:664:10)\n    at Module.load (module.js:566:32)\n    at tryModuleLoad (module.js:506:12)\n    at Function.Module._load (module.js:498:3)\n    at Module.require (module.js:597:17)","exception":true,"date":"Wed Sep 01 2021 07:23:41 GMT+0000 (UTC)","process":{"pid":190,"uid":0,"gid":0,"cwd":"/app","execPath":"/usr/local/bin/node","version":"v8.17.0","argv":["/usr/local/bin/node","/app/server.js"],"memoryUsage":{"rss":106422272,"heapTotal":76894208,"heapUsed":48139608,"external":37084894}},"os":{"loadavg":[0.4326171875,1.12890625,1.3984375],"uptime":14609},"trace":[{"column":10,"file":"vm.js","function":"createScript","line":80,"method":null,"native":false},{"column":10,"file":"vm.js","function":"Object.runInThisContext","line":139,"method":"runInThisContext","native":false},{"column":28,"file":"module.js","function":"Module._compile","line":617,"method":"_compile","native":false},{"column":10,"file":"module.js","function":"Module._extensions..js","line":664,"method":".js","native":false},{"column":32,"file":"module.js","function":"Module.load","line":566,"method":"load","native":false},{"column":12,"file":"module.js","function":"tryModuleLoad","line":506,"method":null,"native":false},{"column":3,"file":"module.js","function":"Module._load","line":498,"method":"_load","native":false},{"column":17,"file":"module.js","function":"Module.require","line":597,"method":"require","native":false},{"column":18,"file":"internal/module.js","function":"require","line":11,"method":null,"native":false},{"column":17,"file":"/app/node_modules/@elastic/elasticsearch/index.js","function":null,"line":28,"method":null,"native":false},{"column":30,"file":"module.js","function":"Module._compile","line":653,"method":"_compile","native":false},{"column":10,"file":"module.js","function":"Module._extensions..js","line":664,"method":".js","native":false},{"column":32,"file":"module.js","function":"Module.load","line":566,"method":"load","native":false},{"column":12,"file":"module.js","function":"tryModuleLoad","line":506,"method":null,"native":false},{"column":3,"file":"module.js","function":"Module._load","line":498,"method":"_load","native":false},{"column":17,"file":"module.js","function":"Module.require","line":597,"method":"require","native":false}]}
{"error":{},"level":"error","message":"uncaughtException: Unexpected token *\n/app/node_modules/@elastic/elasticsearch/lib/Helpers.js:75\n  async * scrollSearch (params, options = {}) {\n        ^\n\nSyntaxError: Unexpected token *\n    at createScript (vm.js:80:10)\n    at Object.runInThisContext (vm.js:139:10)\n    at Module._compile (module.js:617:28)\n    at Object.Module._extensions..js (module.js:664:10)\n    at Module.load (module.js:566:32)\n    at tryModuleLoad (module.js:506:12)\n    at Function.Module._load (module.js:498:3)\n    at Module.require (module.js:597:17)\n    at require (internal/module.js:11:18)\n    at Object.<anonymous> (/app/node_modules/@elastic/elasticsearch/index.js:28:17)\n    at Module._compile (module.js:653:30)\n    at Object.Module._extensions..js (module.js:664:10)\n    at Module.load (module.js:566:32)\n    at tryModuleLoad (module.js:506:12)\n    at Function.Module._load (module.js:498:3)\n    at Module.require (module.js:597:17)","stack":"/app/node_modules/@elastic/elasticsearch/lib/Helpers.js:75\n  async * scrollSearch (params, options = {}) {\n        ^\n\nSyntaxError: Unexpected token *\n    at createScript (vm.js:80:10)\n    at Object.runInThisContext (vm.js:139:10)\n    at Module._compile (module.js:617:28)\n    at Object.Module._extensions..js (module.js:664:10)\n    at Module.load (module.js:566:32)\n    at tryModuleLoad (module.js:506:12)\n    at Function.Module._load (module.js:498:3)\n    at Module.require (module.js:597:17)\n    at require (internal/module.js:11:18)\n    at Object.<anonymous> (/app/node_modules/@elastic/elasticsearch/index.js:28:17)\n    at Module._compile (module.js:653:30)\n    at Object.Module._extensions..js (module.js:664:10)\n    at Module.load (module.js:566:32)\n    at tryModuleLoad (module.js:506:12)\n    at Function.Module._load (module.js:498:3)\n    at Module.require (module.js:597:17)","exception":true,"date":"Wed Sep 01 2021 07:30:26 GMT+0000 (UTC)","process":{"pid":20,"uid":0,"gid":0,"cwd":"/app","execPath":"/usr/local/bin/node","version":"v8.17.0","argv":["/usr/local/bin/node","/app/server.js"],"memoryUsage":{"rss":106881024,"heapTotal":75321344,"heapUsed":47565096,"external":37053053}},"os":{"loadavg":[1.53955078125,0.896484375,1.1259765625],"uptime":15015},"trace":[{"column":10,"file":"vm.js","function":"createScript","line":80,"method":null,"native":false},{"column":10,"file":"vm.js","function":"Object.runInThisContext","line":139,"method":"runInThisContext","native":false},{"column":28,"file":"module.js","function":"Module._compile","line":617,"method":"_compile","native":false},{"column":10,"file":"module.js","function":"Module._extensions..js","line":664,"method":".js","native":false},{"column":32,"file":"module.js","function":"Module.load","line":566,"method":"load","native":false},{"column":12,"file":"module.js","function":"tryModuleLoad","line":506,"method":null,"native":false},{"column":3,"file":"module.js","function":"Module._load","line":498,"method":"_load","native":false},{"column":17,"file":"module.js","function":"Module.require","line":597,"method":"require","native":false},{"column":18,"file":"internal/module.js","function":"require","line":11,"method":null,"native":false},{"column":17,"file":"/app/node_modules/@elastic/elasticsearch/index.js","function":null,"line":28,"method":null,"native":false},{"column":30,"file":"module.js","function":"Module._compile","line":653,"method":"_compile","native":false},{"column":10,"file":"module.js","function":"Module._extensions..js","line":664,"method":".js","native":false},{"column":32,"file":"module.js","function":"Module.load","line":566,"method":"load","native":false},{"column":12,"file":"module.js","function":"tryModuleLoad","line":506,"method":null,"native":false},{"column":3,"file":"module.js","function":"Module._load","line":498,"method":"_load","native":false},{"column":17,"file":"module.js","function":"Module.require","line":597,"method":"require","native":false}]}
{"level":"error","message":"(server.js:596)❯❯▶ Cannot read property 'body' of null","stack":"TypeError: Cannot read property 'body' of null\n    at /app/server.js:580:53\n    at runMicrotasks (<anonymous>)\n    at processTicksAndRejections (internal/process/task_queues.js:97:5)"}
{"level":"error","message":"(server.js:596)❯❯▶ Cannot read property 'body' of null","stack":"TypeError: Cannot read property 'body' of null\n    at /app/server.js:580:53\n    at runMicrotasks (<anonymous>)\n    at processTicksAndRejections (internal/process/task_queues.js:97:5)"}
{"message":"log❯❯▶ /v1/syc_local without session","level":"error"}
{"message":"log❯❯▶ /v1/syc_local without session","level":"error"}
